0 info it worked if it ends with ok
1 verbose cli [ 'C:\\Program Files\\iojs\\\\node.exe',
1 verbose cli   'C:\\Program Files\\iojs\\node_modules\\npm\\bin\\npm-cli.js',
1 verbose cli   'run-script',
1 verbose cli   'build' ]
2 info using npm@2.4.1
3 info using node@v1.1.0
4 verbose node symlink C:\Program Files\iojs\\node.exe
5 verbose run-script [ 'prebuild', 'build', 'postbuild' ]
6 info prebuild warningsystem@1.0.0
7 info build warningsystem@1.0.0
8 verbose unsafe-perm in lifecycle true
9 info warningsystem@1.0.0 Failed to exec build script
10 verbose stack Error: warningsystem@1.0.0 build: `browserify js/app.jsx -d -t 6to5ify --outfile build/index.js`
10 verbose stack Exit status 1
10 verbose stack     at EventEmitter.<anonymous> (C:\Program Files\iojs\node_modules\npm\lib\utils\lifecycle.js:213:16)
10 verbose stack     at EventEmitter.emit (events.js:100:17)
10 verbose stack     at ChildProcess.<anonymous> (C:\Program Files\iojs\node_modules\npm\lib\utils\spawn.js:14:12)
10 verbose stack     at ChildProcess.emit (events.js:100:17)
10 verbose stack     at maybeClose (child_process.js:981:16)
10 verbose stack     at Process.ChildProcess._handle.onexit (child_process.js:1053:5)
11 verbose pkgid warningsystem@1.0.0
12 verbose cwd C:\Users\James\Projects\warningsystem\css
13 error Windows_NT 6.3.9600
14 error argv "C:\\Program Files\\iojs\\\\node.exe" "C:\\Program Files\\iojs\\node_modules\\npm\\bin\\npm-cli.js" "run-script" "build"
15 error node v1.1.0
16 error npm  v2.4.1
17 error code ELIFECYCLE
18 error warningsystem@1.0.0 build: `browserify js/app.jsx -d -t 6to5ify --outfile build/index.js`
18 error Exit status 1
19 error Failed at the warningsystem@1.0.0 build script 'browserify js/app.jsx -d -t 6to5ify --outfile build/index.js'.
19 error This is most likely a problem with the warningsystem package,
19 error not with npm itself.
19 error Tell the author that this fails on your system:
19 error     browserify js/app.jsx -d -t 6to5ify --outfile build/index.js
19 error You can get their info via:
19 error     npm owner ls warningsystem
19 error There is likely additional logging output above.
20 verbose exit [ 1, true ]
